{
"contracts/DeciblingAuctionV2.sol":{"l":{"74":0,"75":0,"76":0,"80":0,"81":0,"85":0,"90":0,"104":0,"110":0,"111":0,"112":0,"114":0,"115":0,"117":0,"118":0,"119":0,"141":0,"142":0,"146":0,"147":0,"151":0,"155":0,"157":0,"167":0,"176":0,"178":0,"179":0,"191":0,"195":0,"201":0,"205":0,"210":0,"211":0,"214":0,"215":0,"216":0,"219":0,"223":0,"225":0,"235":0,"239":0,"241":0,"245":0,"249":0,"250":0,"251":0,"252":0,"253":0,"257":0,"261":0,"265":0,"266":0,"269":0,"271":0,"272":0,"273":0,"275":0,"277":0,"278":0,"295":0,"296":0,"300":0,"302":0,"303":0,"308":0,"309":0,"310":0,"312":0,"313":0,"325":0,"326":0,"331":0,"332":0,"333":0,"335":0,"337":0,"349":0,"350":0,"357":0,"369":0,"370":0,"372":0,"382":0,"383":0,"385":0},"path":"/home/zack/projects/hexhive/decibling/contract-tests/contracts/DeciblingAuctionV2.sol","s":{"1":0,"2":0,"3":0,"4":0,"5":0,"6":0,"7":0,"8":0,"9":0,"10":0,"11":0,"12":0,"13":0,"14":0,"15":0,"16":0,"17":0,"18":0,"19":0,"20":0,"21":0,"22":0,"23":0,"24":0,"25":0,"26":0,"27":0,"28":0,"29":0,"30":0,"31":0,"32":0,"33":0,"34":0,"35":0,"36":0,"37":0,"38":0,"39":0,"40":0,"41":0,"42":0,"43":0,"44":0,"45":0,"46":0,"47":0,"48":0,"49":0,"50":0,"51":0,"52":0,"53":0,"54":0,"55":0,"56":0,"57":0,"58":0,"59":0,"60":0,"61":0,"62":0,"63":0,"64":0,"65":0,"66":0,"67":0,"68":0,"69":0,"70":0,"71":0,"72":0,"73":0,"74":0,"75":0,"76":0,"77":0,"78":0,"79":0,"80":0,"81":0,"82":0,"83":0},"b":{"1":[0,0],"2":[0,0],"3":[0,0],"4":[0,0],"5":[0,0],"6":[0,0],"7":[0,0],"8":[0,0],"9":[0,0],"10":[0,0],"11":[0,0],"12":[0,0],"13":[0,0],"14":[0,0],"15":[0,0],"16":[0,0],"17":[0,0],"18":[0,0],"19":[0,0],"20":[0,0],"21":[0,0],"22":[0,0],"23":[0,0],"24":[0,0],"25":[0,0],"26":[0,0]},"f":{"1":0,"2":0,"3":0,"4":0,"5":0,"6":0,"7":0,"8":0,"9":0,"10":0,"11":0,"12":0,"13":0,"14":0,"15":0,"16":0,"17":0},"fnMap":{"1":{"name":"isOnSale","line":73,"loc":{"start":{"line":73,"column":4},"end":{"line":77,"column":4}}},"2":{"name":"isItemOwner","line":79,"loc":{"start":{"line":79,"column":4},"end":{"line":86,"column":4}}},"3":{"name":"constructor","line":89,"loc":{"start":{"line":89,"column":4},"end":{"line":91,"column":4}}},"4":{"name":"initialize","line":103,"loc":{"start":{"line":99,"column":4},"end":{"line":120,"column":4}}},"5":{"name":"_authorizeUpgrade","line":124,"loc":{"start":{"line":122,"column":4},"end":{"line":124,"column":35}}},"6":{"name":"createBid","line":140,"loc":{"start":{"line":134,"column":4},"end":{"line":158,"column":4}}},"7":{"name":"_createBid","line":160,"loc":{"start":{"line":160,"column":4},"end":{"line":180,"column":4}}},"8":{"name":"bid","line":190,"loc":{"start":{"line":187,"column":4},"end":{"line":202,"column":4}}},"9":{"name":"_bid","line":204,"loc":{"start":{"line":204,"column":4},"end":{"line":226,"column":4}}},"10":{"name":"settleBid","line":234,"loc":{"start":{"line":232,"column":4},"end":{"line":242,"column":4}}},"11":{"name":"_settleBid","line":244,"loc":{"start":{"line":244,"column":4},"end":{"line":286,"column":4}}},"12":{"name":"cancelBid","line":294,"loc":{"start":{"line":292,"column":4},"end":{"line":314,"column":4}}},"13":{"name":"updateBidEndTime","line":324,"loc":{"start":{"line":321,"column":4},"end":{"line":338,"column":4}}},"14":{"name":"_calculatePlatformFees","line":345,"loc":{"start":{"line":345,"column":4},"end":{"line":351,"column":4}}},"15":{"name":"_getNow","line":356,"loc":{"start":{"line":356,"column":4},"end":{"line":358,"column":4}}},"16":{"name":"updatePlatformFees","line":368,"loc":{"start":{"line":365,"column":4},"end":{"line":373,"column":4}}},"17":{"name":"updatePlatformFeeRecipient","line":381,"loc":{"start":{"line":379,"column":4},"end":{"line":386,"column":4}}}},"statementMap":{"1":{"start":{"line":74,"column":8},"end":{"line":74,"column":67}},"2":{"start":{"line":75,"column":8},"end":{"line":75,"column":72}},"3":{"start":{"line":80,"column":8},"end":{"line":80,"column":61}},"4":{"start":{"line":81,"column":8},"end":{"line":81,"column":2419}},"5":{"start":{"line":90,"column":8},"end":{"line":90,"column":29}},"6":{"start":{"line":104,"column":8},"end":{"line":104,"column":3154}},"7":{"start":{"line":110,"column":8},"end":{"line":110,"column":55}},"8":{"start":{"line":111,"column":8},"end":{"line":111,"column":36}},"9":{"start":{"line":112,"column":8},"end":{"line":112,"column":51}},"10":{"start":{"line":114,"column":8},"end":{"line":114,"column":26}},"11":{"start":{"line":115,"column":8},"end":{"line":115,"column":27}},"12":{"start":{"line":117,"column":8},"end":{"line":117,"column":23}},"13":{"start":{"line":118,"column":8},"end":{"line":118,"column":31}},"14":{"start":{"line":119,"column":8},"end":{"line":119,"column":31}},"15":{"start":{"line":141,"column":8},"end":{"line":141,"column":57}},"16":{"start":{"line":142,"column":8},"end":{"line":142,"column":4383}},"17":{"start":{"line":146,"column":8},"end":{"line":146,"column":76}},"18":{"start":{"line":147,"column":8},"end":{"line":147,"column":4583}},"19":{"start":{"line":151,"column":8},"end":{"line":151,"column":4726}},"20":{"start":{"line":155,"column":8},"end":{"line":155,"column":34}},"21":{"start":{"line":157,"column":8},"end":{"line":157,"column":68}},"22":{"start":{"line":167,"column":8},"end":{"line":167,"column":5222}},"23":{"start":{"line":176,"column":8},"end":{"line":176,"column":47}},"24":{"start":{"line":178,"column":8},"end":{"line":178,"column":58}},"25":{"start":{"line":179,"column":8},"end":{"line":179,"column":73}},"26":{"start":{"line":191,"column":8},"end":{"line":191,"column":5966}},"27":{"start":{"line":195,"column":8},"end":{"line":195,"column":6091}},"28":{"start":{"line":201,"column":8},"end":{"line":201,"column":27}},"29":{"start":{"line":205,"column":8},"end":{"line":205,"column":6360}},"30":{"start":{"line":210,"column":8},"end":{"line":210,"column":50}},"31":{"start":{"line":211,"column":8},"end":{"line":211,"column":50}},"32":{"start":{"line":214,"column":8},"end":{"line":214,"column":6625}},"33":{"start":{"line":215,"column":12},"end":{"line":215,"column":76}},"34":{"start":{"line":216,"column":12},"end":{"line":216,"column":51}},"35":{"start":{"line":219,"column":8},"end":{"line":219,"column":6809}},"36":{"start":{"line":223,"column":8},"end":{"line":223,"column":68}},"37":{"start":{"line":225,"column":8},"end":{"line":225,"column":52}},"38":{"start":{"line":235,"column":8},"end":{"line":235,"column":7272}},"39":{"start":{"line":239,"column":8},"end":{"line":239,"column":67}},"40":{"start":{"line":241,"column":8},"end":{"line":241,"column":25}},"41":{"start":{"line":245,"column":8},"end":{"line":245,"column":7547}},"42":{"start":{"line":249,"column":8},"end":{"line":249,"column":50}},"43":{"start":{"line":250,"column":8},"end":{"line":250,"column":52}},"44":{"start":{"line":251,"column":8},"end":{"line":251,"column":68}},"45":{"start":{"line":252,"column":8},"end":{"line":252,"column":62}},"46":{"start":{"line":253,"column":8},"end":{"line":253,"column":7920}},"47":{"start":{"line":257,"column":8},"end":{"line":257,"column":8044}},"48":{"start":{"line":261,"column":8},"end":{"line":261,"column":8179}},"49":{"start":{"line":265,"column":8},"end":{"line":265,"column":37}},"50":{"start":{"line":266,"column":8},"end":{"line":266,"column":69}},"51":{"start":{"line":269,"column":8},"end":{"line":269,"column":62}},"52":{"start":{"line":271,"column":8},"end":{"line":271,"column":37}},"53":{"start":{"line":272,"column":8},"end":{"line":272,"column":32}},"54":{"start":{"line":273,"column":8},"end":{"line":273,"column":35}},"55":{"start":{"line":275,"column":8},"end":{"line":275,"column":40}},"56":{"start":{"line":277,"column":8},"end":{"line":277,"column":45}},"57":{"start":{"line":278,"column":8},"end":{"line":278,"column":8779}},"58":{"start":{"line":295,"column":8},"end":{"line":295,"column":50}},"59":{"start":{"line":296,"column":8},"end":{"line":296,"column":9246}},"60":{"start":{"line":300,"column":8},"end":{"line":300,"column":57}},"61":{"start":{"line":302,"column":8},"end":{"line":302,"column":47}},"62":{"start":{"line":303,"column":8},"end":{"line":303,"column":9475}},"63":{"start":{"line":308,"column":8},"end":{"line":308,"column":67}},"64":{"start":{"line":309,"column":8},"end":{"line":309,"column":36}},"65":{"start":{"line":310,"column":8},"end":{"line":310,"column":35}},"66":{"start":{"line":312,"column":8},"end":{"line":312,"column":45}},"67":{"start":{"line":313,"column":8},"end":{"line":313,"column":30}},"68":{"start":{"line":325,"column":8},"end":{"line":325,"column":61}},"69":{"start":{"line":326,"column":8},"end":{"line":326,"column":10178}},"70":{"start":{"line":331,"column":8},"end":{"line":331,"column":50}},"71":{"start":{"line":332,"column":8},"end":{"line":332,"column":68}},"72":{"start":{"line":333,"column":8},"end":{"line":333,"column":78}},"73":{"start":{"line":335,"column":8},"end":{"line":335,"column":35}},"74":{"start":{"line":337,"column":8},"end":{"line":337,"column":49}},"75":{"start":{"line":349,"column":8},"end":{"line":349,"column":76}},"76":{"start":{"line":350,"column":8},"end":{"line":350,"column":45}},"77":{"start":{"line":357,"column":8},"end":{"line":357,"column":30}},"78":{"start":{"line":369,"column":8},"end":{"line":369,"column":35}},"79":{"start":{"line":370,"column":8},"end":{"line":370,"column":37}},"80":{"start":{"line":372,"column":8},"end":{"line":372,"column":62}},"81":{"start":{"line":382,"column":8},"end":{"line":382,"column":70}},"82":{"start":{"line":383,"column":8},"end":{"line":383,"column":51}},"83":{"start":{"line":385,"column":8},"end":{"line":385,"column":62}}},"branchMap":{"1":{"line":75,"type":"if","locations":[{"start":{"line":75,"column":8},"end":{"line":75,"column":8}},{"start":{"line":75,"column":8},"end":{"line":75,"column":8}}]},"2":{"line":81,"type":"if","locations":[{"start":{"line":81,"column":8},"end":{"line":81,"column":8}},{"start":{"line":81,"column":8},"end":{"line":81,"column":8}}]},"3":{"line":104,"type":"if","locations":[{"start":{"line":104,"column":8},"end":{"line":104,"column":8}},{"start":{"line":104,"column":8},"end":{"line":104,"column":8}}]},"4":{"line":141,"type":"if","locations":[{"start":{"line":141,"column":8},"end":{"line":141,"column":8}},{"start":{"line":141,"column":8},"end":{"line":141,"column":8}}]},"5":{"line":142,"type":"if","locations":[{"start":{"line":142,"column":8},"end":{"line":142,"column":8}},{"start":{"line":142,"column":8},"end":{"line":142,"column":8}}]},"6":{"line":146,"type":"if","locations":[{"start":{"line":146,"column":8},"end":{"line":146,"column":8}},{"start":{"line":146,"column":8},"end":{"line":146,"column":8}}]},"7":{"line":147,"type":"if","locations":[{"start":{"line":147,"column":8},"end":{"line":147,"column":8}},{"start":{"line":147,"column":8},"end":{"line":147,"column":8}}]},"8":{"line":151,"type":"if","locations":[{"start":{"line":151,"column":8},"end":{"line":151,"column":8}},{"start":{"line":151,"column":8},"end":{"line":151,"column":8}}]},"9":{"line":191,"type":"if","locations":[{"start":{"line":191,"column":8},"end":{"line":191,"column":8}},{"start":{"line":191,"column":8},"end":{"line":191,"column":8}}]},"10":{"line":195,"type":"if","locations":[{"start":{"line":195,"column":8},"end":{"line":195,"column":8}},{"start":{"line":195,"column":8},"end":{"line":195,"column":8}}]},"11":{"line":205,"type":"if","locations":[{"start":{"line":205,"column":8},"end":{"line":205,"column":8}},{"start":{"line":205,"column":8},"end":{"line":205,"column":8}}]},"12":{"line":214,"type":"if","locations":[{"start":{"line":214,"column":8},"end":{"line":214,"column":8}},{"start":{"line":214,"column":8},"end":{"line":214,"column":8}}]},"13":{"line":215,"type":"if","locations":[{"start":{"line":215,"column":12},"end":{"line":215,"column":12}},{"start":{"line":215,"column":12},"end":{"line":215,"column":12}}]},"14":{"line":219,"type":"if","locations":[{"start":{"line":219,"column":8},"end":{"line":219,"column":8}},{"start":{"line":219,"column":8},"end":{"line":219,"column":8}}]},"15":{"line":235,"type":"if","locations":[{"start":{"line":235,"column":8},"end":{"line":235,"column":8}},{"start":{"line":235,"column":8},"end":{"line":235,"column":8}}]},"16":{"line":239,"type":"if","locations":[{"start":{"line":239,"column":8},"end":{"line":239,"column":8}},{"start":{"line":239,"column":8},"end":{"line":239,"column":8}}]},"17":{"line":245,"type":"if","locations":[{"start":{"line":245,"column":8},"end":{"line":245,"column":8}},{"start":{"line":245,"column":8},"end":{"line":245,"column":8}}]},"18":{"line":257,"type":"if","locations":[{"start":{"line":257,"column":8},"end":{"line":257,"column":8}},{"start":{"line":257,"column":8},"end":{"line":257,"column":8}}]},"19":{"line":261,"type":"if","locations":[{"start":{"line":261,"column":8},"end":{"line":261,"column":8}},{"start":{"line":261,"column":8},"end":{"line":261,"column":8}}]},"20":{"line":296,"type":"if","locations":[{"start":{"line":296,"column":8},"end":{"line":296,"column":8}},{"start":{"line":296,"column":8},"end":{"line":296,"column":8}}]},"21":{"line":300,"type":"if","locations":[{"start":{"line":300,"column":8},"end":{"line":300,"column":8}},{"start":{"line":300,"column":8},"end":{"line":300,"column":8}}]},"22":{"line":303,"type":"if","locations":[{"start":{"line":303,"column":8},"end":{"line":303,"column":8}},{"start":{"line":303,"column":8},"end":{"line":303,"column":8}}]},"23":{"line":326,"type":"if","locations":[{"start":{"line":326,"column":8},"end":{"line":326,"column":8}},{"start":{"line":326,"column":8},"end":{"line":326,"column":8}}]},"24":{"line":332,"type":"if","locations":[{"start":{"line":332,"column":8},"end":{"line":332,"column":8}},{"start":{"line":332,"column":8},"end":{"line":332,"column":8}}]},"25":{"line":333,"type":"if","locations":[{"start":{"line":333,"column":8},"end":{"line":333,"column":8}},{"start":{"line":333,"column":8},"end":{"line":333,"column":8}}]},"26":{"line":382,"type":"if","locations":[{"start":{"line":382,"column":8},"end":{"line":382,"column":8}},{"start":{"line":382,"column":8},"end":{"line":382,"column":8}}]}}},
"contracts/DeciblingFaucet.sol":{"l":{"30":0,"36":0,"38":0,"39":0,"40":0,"48":0,"52":0,"57":0,"59":0,"70":0,"74":0},"path":"/home/zack/projects/hexhive/decibling/contract-tests/contracts/DeciblingFaucet.sol","s":{"1":0,"2":0,"3":0,"4":0,"5":0,"6":0,"7":0,"8":0,"9":0,"10":0,"11":0},"b":{"1":[0,0],"2":[0,0]},"f":{"1":0,"2":0,"3":0,"4":0,"5":0,"6":0},"fnMap":{"1":{"name":"constructor","line":29,"loc":{"start":{"line":29,"column":4},"end":{"line":31,"column":4}}},"2":{"name":"initialize","line":35,"loc":{"start":{"line":33,"column":4},"end":{"line":41,"column":4}}},"3":{"name":"_authorizeUpgrade","line":45,"loc":{"start":{"line":43,"column":4},"end":{"line":45,"column":35}}},"4":{"name":"request","line":47,"loc":{"start":{"line":47,"column":4},"end":{"line":60,"column":4}}},"5":{"name":"transferToken","line":69,"loc":{"start":{"line":69,"column":4},"end":{"line":71,"column":4}}},"6":{"name":"_getNow","line":73,"loc":{"start":{"line":73,"column":4},"end":{"line":75,"column":4}}}},"statementMap":{"1":{"start":{"line":30,"column":8},"end":{"line":30,"column":29}},"2":{"start":{"line":36,"column":8},"end":{"line":36,"column":31}},"3":{"start":{"line":38,"column":8},"end":{"line":38,"column":23}},"4":{"start":{"line":39,"column":8},"end":{"line":39,"column":31}},"5":{"start":{"line":40,"column":8},"end":{"line":40,"column":31}},"6":{"start":{"line":48,"column":8},"end":{"line":48,"column":1375}},"7":{"start":{"line":52,"column":8},"end":{"line":52,"column":1520}},"8":{"start":{"line":57,"column":8},"end":{"line":57,"column":38}},"9":{"start":{"line":59,"column":8},"end":{"line":59,"column":31}},"10":{"start":{"line":70,"column":8},"end":{"line":70,"column":48}},"11":{"start":{"line":74,"column":8},"end":{"line":74,"column":30}}},"branchMap":{"1":{"line":48,"type":"if","locations":[{"start":{"line":48,"column":8},"end":{"line":48,"column":8}},{"start":{"line":48,"column":8},"end":{"line":48,"column":8}}]},"2":{"line":52,"type":"if","locations":[{"start":{"line":52,"column":8},"end":{"line":52,"column":8}},{"start":{"line":52,"column":8},"end":{"line":52,"column":8}}]}}},
"contracts/DeciblingNFT.sol":{"l":{"62":0,"63":0,"64":0,"65":0,"74":0,"78":0,"79":0,"89":0,"93":0,"94":0,"106":0,"112":0,"120":0,"132":0,"138":0,"153":0,"155":0,"156":0,"163":0,"164":0,"166":0,"167":0,"168":0,"169":0,"172":0,"175":0,"177":0,"197":0,"213":0,"214":0,"215":0,"216":0,"235":0},"path":"/home/zack/projects/hexhive/decibling/contract-tests/contracts/DeciblingNFT.sol","s":{"1":0,"2":0,"3":0,"4":0,"5":0,"6":0,"7":0,"8":0,"9":0,"10":0,"11":0,"12":0,"13":0,"14":0,"15":0,"16":0,"17":0,"18":0,"19":0,"20":0,"21":0,"22":0,"23":0,"24":0,"25":0,"26":0,"27":0,"28":0,"29":0,"30":0,"31":0,"32":0,"33":0},"b":{"1":[0,0],"2":[0,0],"3":[0,0],"4":[0,0],"5":[0,0],"6":[0,0],"7":[0,0]},"f":{"1":0,"2":0,"3":0,"4":0,"5":0,"6":0,"7":0,"8":0,"9":0,"10":0},"fnMap":{"1":{"name":"initialize","line":61,"loc":{"start":{"line":61,"column":4},"end":{"line":66,"column":4}}},"2":{"name":"lockNFT","line":73,"loc":{"start":{"line":73,"column":4},"end":{"line":80,"column":4}}},"3":{"name":"unlockNFT","line":88,"loc":{"start":{"line":88,"column":4},"end":{"line":95,"column":4}}},"4":{"name":"_beforeTokenTransfer","line":99,"loc":{"start":{"line":99,"column":4},"end":{"line":113,"column":4}}},"5":{"name":"setMerkleRoot","line":119,"loc":{"start":{"line":119,"column":4},"end":{"line":121,"column":4}}},"6":{"name":"setAuctionContractAddress","line":130,"loc":{"start":{"line":128,"column":4},"end":{"line":139,"column":4}}},"7":{"name":"mint","line":147,"loc":{"start":{"line":147,"column":4},"end":{"line":178,"column":4}}},"8":{"name":"_authorizeUpgrade","line":186,"loc":{"start":{"line":184,"column":4},"end":{"line":186,"column":35}}},"9":{"name":"_burn","line":194,"loc":{"start":{"line":194,"column":4},"end":{"line":198,"column":4}}},"10":{"name":"tokenURI","line":205,"loc":{"start":{"line":205,"column":4},"end":{"line":242,"column":4}}}},"statementMap":{"1":{"start":{"line":62,"column":8},"end":{"line":62,"column":39}},"2":{"start":{"line":63,"column":8},"end":{"line":63,"column":32}},"3":{"start":{"line":64,"column":8},"end":{"line":64,"column":23}},"4":{"start":{"line":65,"column":8},"end":{"line":65,"column":31}},"5":{"start":{"line":74,"column":8},"end":{"line":74,"column":2539}},"6":{"start":{"line":78,"column":8},"end":{"line":78,"column":33}},"7":{"start":{"line":79,"column":8},"end":{"line":79,"column":28}},"8":{"start":{"line":89,"column":8},"end":{"line":89,"column":3057}},"9":{"start":{"line":93,"column":8},"end":{"line":93,"column":34}},"10":{"start":{"line":94,"column":8},"end":{"line":94,"column":30}},"11":{"start":{"line":106,"column":8},"end":{"line":106,"column":3629}},"12":{"start":{"line":112,"column":8},"end":{"line":112,"column":63}},"13":{"start":{"line":120,"column":8},"end":{"line":120,"column":34}},"14":{"start":{"line":132,"column":8},"end":{"line":132,"column":4516}},"15":{"start":{"line":138,"column":8},"end":{"line":138,"column":57}},"16":{"start":{"line":153,"column":8},"end":{"line":153,"column":5196}},"17":{"start":{"line":155,"column":12},"end":{"line":155,"column":74}},"18":{"start":{"line":156,"column":12},"end":{"line":156,"column":5419}},"19":{"start":{"line":163,"column":8},"end":{"line":163,"column":63}},"20":{"start":{"line":164,"column":8},"end":{"line":164,"column":61}},"21":{"start":{"line":166,"column":8},"end":{"line":166,"column":34}},"22":{"start":{"line":167,"column":8},"end":{"line":167,"column":51}},"23":{"start":{"line":168,"column":8},"end":{"line":168,"column":37}},"24":{"start":{"line":169,"column":8},"end":{"line":169,"column":38}},"25":{"start":{"line":172,"column":8},"end":{"line":172,"column":36}},"26":{"start":{"line":175,"column":8},"end":{"line":175,"column":36}},"27":{"start":{"line":177,"column":8},"end":{"line":177,"column":28}},"28":{"start":{"line":197,"column":8},"end":{"line":197,"column":27}},"29":{"start":{"line":213,"column":8},"end":{"line":213,"column":54}},"30":{"start":{"line":214,"column":8},"end":{"line":214,"column":56}},"31":{"start":{"line":215,"column":8},"end":{"line":215,"column":68}},"32":{"start":{"line":216,"column":8},"end":{"line":216,"column":7219}},"33":{"start":{"line":235,"column":8},"end":{"line":235,"column":7688}}},"branchMap":{"1":{"line":74,"type":"if","locations":[{"start":{"line":74,"column":8},"end":{"line":74,"column":8}},{"start":{"line":74,"column":8},"end":{"line":74,"column":8}}]},"2":{"line":89,"type":"if","locations":[{"start":{"line":89,"column":8},"end":{"line":89,"column":8}},{"start":{"line":89,"column":8},"end":{"line":89,"column":8}}]},"3":{"line":106,"type":"if","locations":[{"start":{"line":106,"column":8},"end":{"line":106,"column":8}},{"start":{"line":106,"column":8},"end":{"line":106,"column":8}}]},"4":{"line":132,"type":"if","locations":[{"start":{"line":132,"column":8},"end":{"line":132,"column":8}},{"start":{"line":132,"column":8},"end":{"line":132,"column":8}}]},"5":{"line":153,"type":"if","locations":[{"start":{"line":153,"column":8},"end":{"line":153,"column":8}},{"start":{"line":153,"column":8},"end":{"line":153,"column":8}}]},"6":{"line":156,"type":"if","locations":[{"start":{"line":156,"column":12},"end":{"line":156,"column":12}},{"start":{"line":156,"column":12},"end":{"line":156,"column":12}}]},"7":{"line":164,"type":"if","locations":[{"start":{"line":164,"column":8},"end":{"line":164,"column":8}},{"start":{"line":164,"column":8},"end":{"line":164,"column":8}}]}}},
"contracts/DeciblingReserve.sol":{"l":{"30":0,"31":0,"36":0,"42":0,"43":0,"45":0,"46":0,"47":0,"58":0,"59":0,"60":0,"61":0,"62":0,"67":0,"69":0,"76":0,"77":0,"78":0,"79":0,"80":0,"81":0,"82":0,"83":0,"87":0,"91":0,"93":0,"101":0,"103":0,"107":0,"108":0,"119":0,"123":0},"path":"/home/zack/projects/hexhive/decibling/contract-tests/contracts/DeciblingReserve.sol","s":{"1":0,"2":0,"3":0,"4":0,"5":0,"6":0,"7":0,"8":0,"9":0,"10":0,"11":0,"12":0,"13":0,"14":0,"15":0,"16":0,"17":0,"18":0,"19":0,"20":0,"21":0,"22":0,"23":0,"24":0,"25":0,"26":0,"27":0,"28":0,"29":0,"30":0,"31":0},"b":{"1":[0,0],"2":[0,0],"3":[0,0],"4":[0,0],"5":[0,0],"6":[0,0]},"f":{"1":0,"2":0,"3":0,"4":0,"5":0,"6":0,"7":0,"8":0,"9":0,"10":0},"fnMap":{"1":{"name":"stakingContractOnly","line":29,"loc":{"start":{"line":29,"column":4},"end":{"line":32,"column":4}}},"2":{"name":"constructor","line":35,"loc":{"start":{"line":35,"column":4},"end":{"line":37,"column":4}}},"3":{"name":"initialize","line":41,"loc":{"start":{"line":39,"column":4},"end":{"line":48,"column":4}}},"4":{"name":"_authorizeUpgrade","line":52,"loc":{"start":{"line":50,"column":4},"end":{"line":52,"column":35}}},"5":{"name":"requestPayout","line":57,"loc":{"start":{"line":54,"column":4},"end":{"line":70,"column":4}}},"6":{"name":"requestPayoutForPoolOwner","line":75,"loc":{"start":{"line":72,"column":4},"end":{"line":94,"column":4}}},"7":{"name":"updatePlatformFees","line":100,"loc":{"start":{"line":100,"column":4},"end":{"line":104,"column":4}}},"8":{"name":"setStakingContract","line":106,"loc":{"start":{"line":106,"column":4},"end":{"line":109,"column":4}}},"9":{"name":"transferToken","line":118,"loc":{"start":{"line":118,"column":4},"end":{"line":120,"column":4}}},"10":{"name":"_getNow","line":122,"loc":{"start":{"line":122,"column":4},"end":{"line":124,"column":4}}}},"statementMap":{"1":{"start":{"line":30,"column":8},"end":{"line":30,"column":46}},"2":{"start":{"line":36,"column":8},"end":{"line":36,"column":29}},"3":{"start":{"line":42,"column":8},"end":{"line":42,"column":31}},"4":{"start":{"line":43,"column":8},"end":{"line":43,"column":20}},"5":{"start":{"line":45,"column":8},"end":{"line":45,"column":23}},"6":{"start":{"line":46,"column":8},"end":{"line":46,"column":31}},"7":{"start":{"line":47,"column":8},"end":{"line":47,"column":31}},"8":{"start":{"line":58,"column":8},"end":{"line":58,"column":56}},"9":{"start":{"line":59,"column":8},"end":{"line":59,"column":66}},"10":{"start":{"line":60,"column":8},"end":{"line":60,"column":54}},"11":{"start":{"line":61,"column":8},"end":{"line":61,"column":46}},"12":{"start":{"line":62,"column":8},"end":{"line":62,"column":1907}},"13":{"start":{"line":67,"column":8},"end":{"line":67,"column":46}},"14":{"start":{"line":69,"column":8},"end":{"line":69,"column":19}},"15":{"start":{"line":76,"column":8},"end":{"line":76,"column":31}},"16":{"start":{"line":77,"column":8},"end":{"line":77,"column":48}},"17":{"start":{"line":78,"column":8},"end":{"line":78,"column":2353}},"18":{"start":{"line":79,"column":12},"end":{"line":79,"column":63}},"19":{"start":{"line":80,"column":12},"end":{"line":80,"column":58}},"20":{"start":{"line":81,"column":12},"end":{"line":81,"column":50}},"21":{"start":{"line":82,"column":12},"end":{"line":82,"column":2588}},"22":{"start":{"line":83,"column":16},"end":{"line":83,"column":2629}},"23":{"start":{"line":87,"column":16},"end":{"line":87,"column":43}},"24":{"start":{"line":91,"column":8},"end":{"line":91,"column":52}},"25":{"start":{"line":93,"column":8},"end":{"line":93,"column":19}},"26":{"start":{"line":101,"column":8},"end":{"line":101,"column":23}},"27":{"start":{"line":103,"column":8},"end":{"line":103,"column":34}},"28":{"start":{"line":107,"column":8},"end":{"line":107,"column":80}},"29":{"start":{"line":108,"column":8},"end":{"line":108,"column":40}},"30":{"start":{"line":119,"column":8},"end":{"line":119,"column":48}},"31":{"start":{"line":123,"column":8},"end":{"line":123,"column":30}}},"branchMap":{"1":{"line":30,"type":"if","locations":[{"start":{"line":30,"column":8},"end":{"line":30,"column":8}},{"start":{"line":30,"column":8},"end":{"line":30,"column":8}}]},"2":{"line":59,"type":"if","locations":[{"start":{"line":59,"column":8},"end":{"line":59,"column":8}},{"start":{"line":59,"column":8},"end":{"line":59,"column":8}}]},"3":{"line":62,"type":"if","locations":[{"start":{"line":62,"column":8},"end":{"line":62,"column":8}},{"start":{"line":62,"column":8},"end":{"line":62,"column":8}}]},"4":{"line":82,"type":"if","locations":[{"start":{"line":82,"column":12},"end":{"line":82,"column":12}},{"start":{"line":82,"column":12},"end":{"line":82,"column":12}}]},"5":{"line":83,"type":"if","locations":[{"start":{"line":83,"column":16},"end":{"line":83,"column":16}},{"start":{"line":83,"column":16},"end":{"line":83,"column":16}}]},"6":{"line":107,"type":"if","locations":[{"start":{"line":107,"column":8},"end":{"line":107,"column":8}},{"start":{"line":107,"column":8},"end":{"line":107,"column":8}}]}}},
"contracts/DeciblingStaking.sol":{"l":{"57":0,"58":0,"62":0,"66":0,"70":0,"74":0,"75":0,"79":0,"83":0,"88":0,"89":0,"90":0,"95":0,"99":0,"100":0,"104":0,"108":0,"113":0,"117":0,"119":0,"120":0,"121":0,"133":0,"140":0,"145":0,"149":0,"150":0,"151":0,"158":0,"162":0,"164":0,"179":0,"183":0,"187":0,"192":0,"201":0,"202":0,"203":0,"204":0,"206":0,"221":0,"225":0,"227":0,"234":0,"238":0,"242":0,"247":0,"248":0,"256":0,"257":0,"259":0,"260":0,"261":0,"262":0,"264":0,"274":0,"275":0,"276":0,"277":0,"280":0,"287":0,"291":0,"296":0,"298":0,"303":0,"304":0,"306":0,"312":0,"317":0,"329":0,"334":0,"341":0,"342":0,"345":0,"349":0,"351":0,"359":0,"360":0,"362":0,"363":0,"364":0,"366":0,"369":0,"370":0,"371":0,"372":0,"375":0,"376":0,"377":0,"378":0,"382":0,"393":0,"399":0,"403":0},"path":"/home/zack/projects/hexhive/decibling/contract-tests/contracts/DeciblingStaking.sol","s":{"1":0,"2":0,"3":0,"4":0,"5":0,"6":0,"7":0,"8":0,"9":0,"10":0,"11":0,"12":0,"13":0,"14":0,"15":0,"16":0,"17":0,"18":0,"19":0,"20":0,"21":0,"22":0,"23":0,"24":0,"25":0,"26":0,"27":0,"28":0,"29":0,"30":0,"31":0,"32":0,"33":0,"34":0,"35":0,"36":0,"37":0,"38":0,"39":0,"40":0,"41":0,"42":0,"43":0,"44":0,"45":0,"46":0,"47":0,"48":0,"49":0,"50":0,"51":0,"52":0,"53":0,"54":0,"55":0,"56":0,"57":0,"58":0,"59":0,"60":0,"61":0,"62":0,"63":0,"64":0,"65":0,"66":0,"67":0,"68":0,"69":0,"70":0,"71":0,"72":0,"73":0,"74":0,"75":0,"76":0,"77":0,"78":0,"79":0,"80":0,"81":0,"82":0,"83":0,"84":0,"85":0,"86":0,"87":0},"b":{"1":[0,0],"2":[0,0],"3":[0,0],"4":[0,0],"5":[0,0],"6":[0,0],"7":[0,0],"8":[0,0],"9":[0,0],"10":[0,0],"11":[0,0],"12":[0,0],"13":[0,0],"14":[0,0],"15":[0,0],"16":[0,0],"17":[0,0],"18":[0,0],"19":[0,0],"20":[0,0],"21":[0,0],"22":[0,0],"23":[0,0],"24":[0,0],"25":[0,0]},"f":{"1":0,"2":0,"3":0,"4":0,"5":0,"6":0,"7":0,"8":0,"9":0,"10":0,"11":0,"12":0,"13":0,"14":0,"15":0,"16":0,"17":0,"18":0,"19":0,"20":0,"21":0,"22":0,"23":0,"24":0,"25":0,"26":0,"27":0,"28":0,"29":0,"30":0,"31":0},"fnMap":{"1":{"name":"validPool","line":56,"loc":{"start":{"line":56,"column":4},"end":{"line":63,"column":4}}},"2":{"name":"existPool","line":65,"loc":{"start":{"line":65,"column":4},"end":{"line":71,"column":4}}},"3":{"name":"validAmount","line":73,"loc":{"start":{"line":73,"column":4},"end":{"line":76,"column":4}}},"4":{"name":"onlyPoolOwnerOrAdmin","line":78,"loc":{"start":{"line":78,"column":4},"end":{"line":84,"column":4}}},"5":{"name":"validProof","line":86,"loc":{"start":{"line":86,"column":4},"end":{"line":96,"column":4}}},"6":{"name":"validAddress","line":98,"loc":{"start":{"line":98,"column":4},"end":{"line":101,"column":4}}},"7":{"name":"validReserveContract","line":103,"loc":{"start":{"line":103,"column":4},"end":{"line":109,"column":4}}},"8":{"name":"constructor","line":112,"loc":{"start":{"line":112,"column":4},"end":{"line":114,"column":4}}},"9":{"name":"initialize","line":116,"loc":{"start":{"line":116,"column":4},"end":{"line":122,"column":4}}},"10":{"name":"_authorizeUpgrade","line":126,"loc":{"start":{"line":124,"column":4},"end":{"line":126,"column":35}}},"11":{"name":"setMerkleRoot","line":132,"loc":{"start":{"line":132,"column":4},"end":{"line":134,"column":4}}},"12":{"name":"newPool","line":139,"loc":{"start":{"line":136,"column":4},"end":{"line":146,"column":4}}},"13":{"name":"setDefaultPool","line":148,"loc":{"start":{"line":148,"column":4},"end":{"line":152,"column":4}}},"14":{"name":"setPoolHardCap","line":157,"loc":{"start":{"line":154,"column":4},"end":{"line":159,"column":4}}},"15":{"name":"_newPool","line":161,"loc":{"start":{"line":161,"column":4},"end":{"line":165,"column":4}}},"16":{"name":"updatePool","line":177,"loc":{"start":{"line":167,"column":4},"end":{"line":193,"column":4}}},"17":{"name":"_updatePool","line":195,"loc":{"start":{"line":195,"column":4},"end":{"line":207,"column":4}}},"18":{"name":"updatePoolOwner","line":219,"loc":{"start":{"line":209,"column":4},"end":{"line":222,"column":4}}},"19":{"name":"_updatePoolOwner","line":224,"loc":{"start":{"line":224,"column":4},"end":{"line":228,"column":4}}},"20":{"name":"stake","line":233,"loc":{"start":{"line":230,"column":4},"end":{"line":249,"column":4}}},"21":{"name":"_stake","line":251,"loc":{"start":{"line":251,"column":4},"end":{"line":265,"column":4}}},"22":{"name":"reinvest","line":273,"loc":{"start":{"line":273,"column":4},"end":{"line":281,"column":4}}},"23":{"name":"unstake","line":286,"loc":{"start":{"line":283,"column":4},"end":{"line":307,"column":4}}},"24":{"name":"claim","line":311,"loc":{"start":{"line":309,"column":4},"end":{"line":318,"column":4}}},"25":{"name":"claimForPoolProfit","line":328,"loc":{"start":{"line":325,"column":4},"end":{"line":335,"column":4}}},"26":{"name":"_batchClaimForPoolProfit","line":337,"loc":{"start":{"line":337,"column":4},"end":{"line":346,"column":4}}},"27":{"name":"_claim","line":348,"loc":{"start":{"line":348,"column":4},"end":{"line":352,"column":4}}},"28":{"name":"payout","line":358,"loc":{"start":{"line":354,"column":4},"end":{"line":383,"column":4}}},"29":{"name":"transferToken","line":392,"loc":{"start":{"line":392,"column":4},"end":{"line":394,"column":4}}},"30":{"name":"setReserveContract","line":398,"loc":{"start":{"line":396,"column":4},"end":{"line":400,"column":4}}},"31":{"name":"_getNow","line":402,"loc":{"start":{"line":402,"column":4},"end":{"line":404,"column":4}}}},"statementMap":{"1":{"start":{"line":57,"column":8},"end":{"line":57,"column":39}},"2":{"start":{"line":58,"column":8},"end":{"line":58,"column":2018}},"3":{"start":{"line":66,"column":8},"end":{"line":66,"column":2195}},"4":{"start":{"line":74,"column":8},"end":{"line":74,"column":66}},"5":{"start":{"line":79,"column":8},"end":{"line":79,"column":2523}},"6":{"start":{"line":88,"column":8},"end":{"line":88,"column":2808}},"7":{"start":{"line":89,"column":12},"end":{"line":89,"column":74}},"8":{"start":{"line":90,"column":12},"end":{"line":90,"column":2932}},"9":{"start":{"line":99,"column":8},"end":{"line":99,"column":75}},"10":{"start":{"line":104,"column":8},"end":{"line":104,"column":3274}},"11":{"start":{"line":113,"column":8},"end":{"line":113,"column":29}},"12":{"start":{"line":117,"column":8},"end":{"line":117,"column":31}},"13":{"start":{"line":119,"column":8},"end":{"line":119,"column":23}},"14":{"start":{"line":120,"column":8},"end":{"line":120,"column":31}},"15":{"start":{"line":121,"column":8},"end":{"line":121,"column":31}},"16":{"start":{"line":133,"column":8},"end":{"line":133,"column":33}},"17":{"start":{"line":140,"column":8},"end":{"line":140,"column":4222}},"18":{"start":{"line":145,"column":8},"end":{"line":145,"column":19}},"19":{"start":{"line":149,"column":8},"end":{"line":149,"column":44}},"20":{"start":{"line":150,"column":8},"end":{"line":150,"column":20}},"21":{"start":{"line":151,"column":8},"end":{"line":151,"column":35}},"22":{"start":{"line":158,"column":8},"end":{"line":158,"column":30}},"23":{"start":{"line":162,"column":8},"end":{"line":162,"column":36}},"24":{"start":{"line":164,"column":8},"end":{"line":164,"column":25}},"25":{"start":{"line":179,"column":8},"end":{"line":179,"column":5118}},"26":{"start":{"line":183,"column":8},"end":{"line":183,"column":5234}},"27":{"start":{"line":187,"column":8},"end":{"line":187,"column":5373}},"28":{"start":{"line":192,"column":8},"end":{"line":192,"column":44}},"29":{"start":{"line":201,"column":8},"end":{"line":201,"column":24}},"30":{"start":{"line":202,"column":8},"end":{"line":202,"column":38}},"31":{"start":{"line":203,"column":8},"end":{"line":203,"column":40}},"32":{"start":{"line":204,"column":8},"end":{"line":204,"column":44}},"33":{"start":{"line":206,"column":8},"end":{"line":206,"column":55}},"34":{"start":{"line":221,"column":8},"end":{"line":221,"column":38}},"35":{"start":{"line":225,"column":8},"end":{"line":225,"column":34}},"36":{"start":{"line":227,"column":8},"end":{"line":227,"column":43}},"37":{"start":{"line":234,"column":8},"end":{"line":234,"column":6543}},"38":{"start":{"line":238,"column":8},"end":{"line":238,"column":6718}},"39":{"start":{"line":242,"column":8},"end":{"line":242,"column":6882}},"40":{"start":{"line":247,"column":8},"end":{"line":247,"column":19}},"41":{"start":{"line":248,"column":8},"end":{"line":248,"column":32}},"42":{"start":{"line":256,"column":8},"end":{"line":256,"column":7203}},"43":{"start":{"line":257,"column":12},"end":{"line":257,"column":58}},"44":{"start":{"line":259,"column":8},"end":{"line":259,"column":39}},"45":{"start":{"line":260,"column":8},"end":{"line":260,"column":53}},"46":{"start":{"line":261,"column":8},"end":{"line":261,"column":53}},"47":{"start":{"line":262,"column":8},"end":{"line":262,"column":64}},"48":{"start":{"line":264,"column":8},"end":{"line":264,"column":42}},"49":{"start":{"line":274,"column":8},"end":{"line":274,"column":54}},"50":{"start":{"line":275,"column":8},"end":{"line":275,"column":7854}},"51":{"start":{"line":276,"column":12},"end":{"line":276,"column":35}},"52":{"start":{"line":277,"column":12},"end":{"line":277,"column":49}},"53":{"start":{"line":280,"column":8},"end":{"line":280,"column":19}},"54":{"start":{"line":287,"column":8},"end":{"line":287,"column":8144}},"55":{"start":{"line":291,"column":8},"end":{"line":291,"column":8303}},"56":{"start":{"line":296,"column":8},"end":{"line":296,"column":17}},"57":{"start":{"line":298,"column":8},"end":{"line":298,"column":8497}},"58":{"start":{"line":303,"column":8},"end":{"line":303,"column":53}},"59":{"start":{"line":304,"column":8},"end":{"line":304,"column":39}},"60":{"start":{"line":306,"column":8},"end":{"line":306,"column":44}},"61":{"start":{"line":312,"column":8},"end":{"line":312,"column":8885}},"62":{"start":{"line":317,"column":8},"end":{"line":317,"column":17}},"63":{"start":{"line":329,"column":8},"end":{"line":329,"column":9389}},"64":{"start":{"line":334,"column":8},"end":{"line":334,"column":42}},"65":{"start":{"line":341,"column":8},"end":{"line":341,"column":9713}},"66":{"start":{"line":342,"column":12},"end":{"line":342,"column":66}},"67":{"start":{"line":345,"column":8},"end":{"line":345,"column":34}},"68":{"start":{"line":349,"column":8},"end":{"line":349,"column":53}},"69":{"start":{"line":351,"column":8},"end":{"line":351,"column":34}},"70":{"start":{"line":359,"column":8},"end":{"line":359,"column":54}},"71":{"start":{"line":360,"column":8},"end":{"line":360,"column":43}},"72":{"start":{"line":362,"column":8},"end":{"line":362,"column":46}},"73":{"start":{"line":363,"column":8},"end":{"line":363,"column":10353}},"74":{"start":{"line":364,"column":12},"end":{"line":364,"column":52}},"75":{"start":{"line":366,"column":8},"end":{"line":366,"column":10470}},"76":{"start":{"line":369,"column":8},"end":{"line":369,"column":30}},"77":{"start":{"line":370,"column":8},"end":{"line":370,"column":24}},"78":{"start":{"line":371,"column":8},"end":{"line":371,"column":10618}},"79":{"start":{"line":372,"column":12},"end":{"line":372,"column":28}},"80":{"start":{"line":375,"column":8},"end":{"line":375,"column":10688}},"81":{"start":{"line":376,"column":12},"end":{"line":376,"column":68}},"82":{"start":{"line":377,"column":12},"end":{"line":377,"column":54}},"83":{"start":{"line":378,"column":12},"end":{"line":378,"column":10863}},"84":{"start":{"line":382,"column":8},"end":{"line":382,"column":20}},"85":{"start":{"line":393,"column":8},"end":{"line":393,"column":48}},"86":{"start":{"line":399,"column":8},"end":{"line":399,"column":41}},"87":{"start":{"line":403,"column":8},"end":{"line":403,"column":30}}},"branchMap":{"1":{"line":58,"type":"if","locations":[{"start":{"line":58,"column":8},"end":{"line":58,"column":8}},{"start":{"line":58,"column":8},"end":{"line":58,"column":8}}]},"2":{"line":66,"type":"if","locations":[{"start":{"line":66,"column":8},"end":{"line":66,"column":8}},{"start":{"line":66,"column":8},"end":{"line":66,"column":8}}]},"3":{"line":74,"type":"if","locations":[{"start":{"line":74,"column":8},"end":{"line":74,"column":8}},{"start":{"line":74,"column":8},"end":{"line":74,"column":8}}]},"4":{"line":79,"type":"if","locations":[{"start":{"line":79,"column":8},"end":{"line":79,"column":8}},{"start":{"line":79,"column":8},"end":{"line":79,"column":8}}]},"5":{"line":88,"type":"if","locations":[{"start":{"line":88,"column":8},"end":{"line":88,"column":8}},{"start":{"line":88,"column":8},"end":{"line":88,"column":8}}]},"6":{"line":90,"type":"if","locations":[{"start":{"line":90,"column":12},"end":{"line":90,"column":12}},{"start":{"line":90,"column":12},"end":{"line":90,"column":12}}]},"7":{"line":99,"type":"if","locations":[{"start":{"line":99,"column":8},"end":{"line":99,"column":8}},{"start":{"line":99,"column":8},"end":{"line":99,"column":8}}]},"8":{"line":104,"type":"if","locations":[{"start":{"line":104,"column":8},"end":{"line":104,"column":8}},{"start":{"line":104,"column":8},"end":{"line":104,"column":8}}]},"9":{"line":140,"type":"if","locations":[{"start":{"line":140,"column":8},"end":{"line":140,"column":8}},{"start":{"line":140,"column":8},"end":{"line":140,"column":8}}]},"10":{"line":179,"type":"if","locations":[{"start":{"line":179,"column":8},"end":{"line":179,"column":8}},{"start":{"line":179,"column":8},"end":{"line":179,"column":8}}]},"11":{"line":183,"type":"if","locations":[{"start":{"line":183,"column":8},"end":{"line":183,"column":8}},{"start":{"line":183,"column":8},"end":{"line":183,"column":8}}]},"12":{"line":187,"type":"if","locations":[{"start":{"line":187,"column":8},"end":{"line":187,"column":8}},{"start":{"line":187,"column":8},"end":{"line":187,"column":8}}]},"13":{"line":234,"type":"if","locations":[{"start":{"line":234,"column":8},"end":{"line":234,"column":8}},{"start":{"line":234,"column":8},"end":{"line":234,"column":8}}]},"14":{"line":238,"type":"if","locations":[{"start":{"line":238,"column":8},"end":{"line":238,"column":8}},{"start":{"line":238,"column":8},"end":{"line":238,"column":8}}]},"15":{"line":242,"type":"if","locations":[{"start":{"line":242,"column":8},"end":{"line":242,"column":8}},{"start":{"line":242,"column":8},"end":{"line":242,"column":8}}]},"16":{"line":256,"type":"if","locations":[{"start":{"line":256,"column":8},"end":{"line":256,"column":8}},{"start":{"line":256,"column":8},"end":{"line":256,"column":8}}]},"17":{"line":275,"type":"if","locations":[{"start":{"line":275,"column":8},"end":{"line":275,"column":8}},{"start":{"line":275,"column":8},"end":{"line":275,"column":8}}]},"18":{"line":287,"type":"if","locations":[{"start":{"line":287,"column":8},"end":{"line":287,"column":8}},{"start":{"line":287,"column":8},"end":{"line":287,"column":8}}]},"19":{"line":291,"type":"if","locations":[{"start":{"line":291,"column":8},"end":{"line":291,"column":8}},{"start":{"line":291,"column":8},"end":{"line":291,"column":8}}]},"20":{"line":298,"type":"if","locations":[{"start":{"line":298,"column":8},"end":{"line":298,"column":8}},{"start":{"line":298,"column":8},"end":{"line":298,"column":8}}]},"21":{"line":312,"type":"if","locations":[{"start":{"line":312,"column":8},"end":{"line":312,"column":8}},{"start":{"line":312,"column":8},"end":{"line":312,"column":8}}]},"22":{"line":329,"type":"if","locations":[{"start":{"line":329,"column":8},"end":{"line":329,"column":8}},{"start":{"line":329,"column":8},"end":{"line":329,"column":8}}]},"23":{"line":363,"type":"if","locations":[{"start":{"line":363,"column":8},"end":{"line":363,"column":8}},{"start":{"line":363,"column":8},"end":{"line":363,"column":8}}]},"24":{"line":371,"type":"if","locations":[{"start":{"line":371,"column":8},"end":{"line":371,"column":8}},{"start":{"line":371,"column":8},"end":{"line":371,"column":8}}]},"25":{"line":375,"type":"if","locations":[{"start":{"line":375,"column":8},"end":{"line":375,"column":8}},{"start":{"line":375,"column":8},"end":{"line":375,"column":8}}]}}},
"contracts/Interest.sol":{"l":{"27":0,"30":0,"33":0,"37":0,"40":0,"43":0,"46":0,"53":0,"56":0,"59":0,"62":0,"81":0,"83":0,"84":0,"86":0,"87":0,"110":0,"115":0,"148":0,"164":0},"path":"/home/zack/projects/hexhive/decibling/contract-tests/contracts/Interest.sol","s":{"1":0,"2":0,"3":0,"4":0,"5":0,"6":0,"7":0,"8":0,"9":0,"10":0,"11":0,"12":0,"13":0,"14":0,"15":0,"16":0,"17":0,"18":0,"19":0,"20":0},"b":{"1":[0,0],"2":[0,0],"3":[0,0],"4":[0,0]},"f":{"1":0,"2":0,"3":0,"4":0,"5":0,"6":0,"7":0,"8":0,"9":0,"10":0,"11":0,"12":0,"13":0,"14":0,"15":0,"16":0},"fnMap":{"1":{"name":"add","line":26,"loc":{"start":{"line":26,"column":4},"end":{"line":28,"column":4}}},"2":{"name":"sub","line":29,"loc":{"start":{"line":29,"column":4},"end":{"line":31,"column":4}}},"3":{"name":"mul","line":32,"loc":{"start":{"line":32,"column":4},"end":{"line":34,"column":4}}},"4":{"name":"min","line":36,"loc":{"start":{"line":36,"column":4},"end":{"line":38,"column":4}}},"5":{"name":"max","line":39,"loc":{"start":{"line":39,"column":4},"end":{"line":41,"column":4}}},"6":{"name":"imin","line":42,"loc":{"start":{"line":42,"column":4},"end":{"line":44,"column":4}}},"7":{"name":"imax","line":45,"loc":{"start":{"line":45,"column":4},"end":{"line":47,"column":4}}},"8":{"name":"wmul","line":52,"loc":{"start":{"line":52,"column":4},"end":{"line":54,"column":4}}},"9":{"name":"rmul","line":55,"loc":{"start":{"line":55,"column":4},"end":{"line":57,"column":4}}},"10":{"name":"wdiv","line":58,"loc":{"start":{"line":58,"column":4},"end":{"line":60,"column":4}}},"11":{"name":"rdiv","line":61,"loc":{"start":{"line":61,"column":4},"end":{"line":63,"column":4}}},"12":{"name":"rpow","line":80,"loc":{"start":{"line":80,"column":4},"end":{"line":90,"column":4}}},"13":{"name":"wadToRay","line":109,"loc":{"start":{"line":109,"column":4},"end":{"line":111,"column":4}}},"14":{"name":"weiToRay","line":114,"loc":{"start":{"line":114,"column":4},"end":{"line":116,"column":4}}},"15":{"name":"accrueInterest","line":147,"loc":{"start":{"line":147,"column":4},"end":{"line":149,"column":4}}},"16":{"name":"yearlyRateToRay","line":163,"loc":{"start":{"line":163,"column":4},"end":{"line":165,"column":4}}}},"statementMap":{"1":{"start":{"line":27,"column":8},"end":{"line":27,"column":56}},"2":{"start":{"line":30,"column":8},"end":{"line":30,"column":57}},"3":{"start":{"line":33,"column":8},"end":{"line":33,"column":70}},"4":{"start":{"line":37,"column":8},"end":{"line":37,"column":29}},"5":{"start":{"line":40,"column":8},"end":{"line":40,"column":29}},"6":{"start":{"line":43,"column":8},"end":{"line":43,"column":29}},"7":{"start":{"line":46,"column":8},"end":{"line":46,"column":29}},"8":{"start":{"line":53,"column":8},"end":{"line":53,"column":40}},"9":{"start":{"line":56,"column":8},"end":{"line":56,"column":40}},"10":{"start":{"line":59,"column":8},"end":{"line":59,"column":38}},"11":{"start":{"line":62,"column":8},"end":{"line":62,"column":38}},"12":{"start":{"line":81,"column":8},"end":{"line":81,"column":31}},"13":{"start":{"line":83,"column":8},"end":{"line":83,"column":3145}},"14":{"start":{"line":84,"column":12},"end":{"line":84,"column":25}},"15":{"start":{"line":86,"column":12},"end":{"line":86,"column":3221}},"16":{"start":{"line":87,"column":16},"end":{"line":87,"column":29}},"17":{"start":{"line":110,"column":8},"end":{"line":110,"column":33}},"18":{"start":{"line":115,"column":8},"end":{"line":115,"column":34}},"19":{"start":{"line":148,"column":8},"end":{"line":148,"column":50}},"20":{"start":{"line":164,"column":8},"end":{"line":164,"column":84}}},"branchMap":{"1":{"line":27,"type":"if","locations":[{"start":{"line":27,"column":8},"end":{"line":27,"column":8}},{"start":{"line":27,"column":8},"end":{"line":27,"column":8}}]},"2":{"line":30,"type":"if","locations":[{"start":{"line":30,"column":8},"end":{"line":30,"column":8}},{"start":{"line":30,"column":8},"end":{"line":30,"column":8}}]},"3":{"line":33,"type":"if","locations":[{"start":{"line":33,"column":8},"end":{"line":33,"column":8}},{"start":{"line":33,"column":8},"end":{"line":33,"column":8}}]},"4":{"line":86,"type":"if","locations":[{"start":{"line":86,"column":12},"end":{"line":86,"column":12}},{"start":{"line":86,"column":12},"end":{"line":86,"column":12}}]}}},
"contracts/interfaces/IDeciblingNFT.sol":{"l":{},"path":"/home/zack/projects/hexhive/decibling/contract-tests/contracts/interfaces/IDeciblingNFT.sol","s":{},"b":{},"f":{},"fnMap":{},"statementMap":{},"branchMap":{}},
"contracts/interfaces/IDeciblingReserve.sol":{"l":{},"path":"/home/zack/projects/hexhive/decibling/contract-tests/contracts/interfaces/IDeciblingReserve.sol","s":{},"b":{},"f":{},"fnMap":{},"statementMap":{},"branchMap":{}},
"contracts/interfaces/IDeciblingStaking.sol":{"l":{},"path":"/home/zack/projects/hexhive/decibling/contract-tests/contracts/interfaces/IDeciblingStaking.sol","s":{},"b":{},"f":{},"fnMap":{},"statementMap":{},"branchMap":{}},
"contracts/MyToken.sol":{"l":{"12":0},"path":"/home/zack/projects/hexhive/decibling/contract-tests/contracts/MyToken.sol","s":{"1":0},"b":{},"f":{"1":0,"2":0},"fnMap":{"1":{"name":"constructor","line":7,"loc":{"start":{"line":7,"column":4},"end":{"line":9,"column":4}}},"2":{"name":"mint","line":11,"loc":{"start":{"line":11,"column":4},"end":{"line":13,"column":4}}}},"statementMap":{"1":{"start":{"line":12,"column":8},"end":{"line":12,"column":55}}},"branchMap":{}},
"contracts/Token.sol":{"l":{"8":0},"path":"/home/zack/projects/hexhive/decibling/contract-tests/contracts/Token.sol","s":{"1":0},"b":{},"f":{"1":0},"fnMap":{"1":{"name":"constructor","line":7,"loc":{"start":{"line":7,"column":4},"end":{"line":9,"column":4}}}},"statementMap":{"1":{"start":{"line":8,"column":8},"end":{"line":8,"column":60}}},"branchMap":{}}}
