TN:
SF:/home/zack/projects/hexhive/decibling/contract-tests/contracts/DeciblingAuctionV2.sol
FN:73,isOnSale
FN:79,isItemOwner
FN:89,constructor
FN:103,initialize
FN:124,_authorizeUpgrade
FN:140,createBid
FN:160,_createBid
FN:190,bid
FN:204,_bid
FN:234,settleBid
FN:244,_settleBid
FN:294,cancelBid
FN:324,updateBidEndTime
FN:345,_calculatePlatformFees
FN:356,_getNow
FN:368,updatePlatformFees
FN:381,updatePlatformFeeRecipient
FNF:17
FNH:0
FNDA:0,isOnSale
FNDA:0,isItemOwner
FNDA:0,constructor
FNDA:0,initialize
FNDA:0,_authorizeUpgrade
FNDA:0,createBid
FNDA:0,_createBid
FNDA:0,bid
FNDA:0,_bid
FNDA:0,settleBid
FNDA:0,_settleBid
FNDA:0,cancelBid
FNDA:0,updateBidEndTime
FNDA:0,_calculatePlatformFees
FNDA:0,_getNow
FNDA:0,updatePlatformFees
FNDA:0,updatePlatformFeeRecipient
DA:74,0
DA:75,0
DA:76,0
DA:80,0
DA:81,0
DA:85,0
DA:90,0
DA:104,0
DA:110,0
DA:111,0
DA:112,0
DA:114,0
DA:115,0
DA:117,0
DA:118,0
DA:119,0
DA:141,0
DA:142,0
DA:146,0
DA:147,0
DA:151,0
DA:155,0
DA:157,0
DA:167,0
DA:176,0
DA:178,0
DA:179,0
DA:191,0
DA:195,0
DA:201,0
DA:205,0
DA:210,0
DA:211,0
DA:214,0
DA:215,0
DA:216,0
DA:219,0
DA:223,0
DA:225,0
DA:235,0
DA:239,0
DA:241,0
DA:245,0
DA:249,0
DA:250,0
DA:251,0
DA:252,0
DA:253,0
DA:257,0
DA:261,0
DA:265,0
DA:266,0
DA:269,0
DA:271,0
DA:272,0
DA:273,0
DA:275,0
DA:277,0
DA:278,0
DA:295,0
DA:296,0
DA:300,0
DA:302,0
DA:303,0
DA:308,0
DA:309,0
DA:310,0
DA:312,0
DA:313,0
DA:325,0
DA:326,0
DA:331,0
DA:332,0
DA:333,0
DA:335,0
DA:337,0
DA:349,0
DA:350,0
DA:357,0
DA:369,0
DA:370,0
DA:372,0
DA:382,0
DA:383,0
DA:385,0
LF:85
LH:0
BRDA:75,1,0,0
BRDA:75,1,1,0
BRDA:81,2,0,0
BRDA:81,2,1,0
BRDA:104,3,0,0
BRDA:104,3,1,0
BRDA:141,4,0,0
BRDA:141,4,1,0
BRDA:142,5,0,0
BRDA:142,5,1,0
BRDA:146,6,0,0
BRDA:146,6,1,0
BRDA:147,7,0,0
BRDA:147,7,1,0
BRDA:151,8,0,0
BRDA:151,8,1,0
BRDA:191,9,0,0
BRDA:191,9,1,0
BRDA:195,10,0,0
BRDA:195,10,1,0
BRDA:205,11,0,0
BRDA:205,11,1,0
BRDA:214,12,0,0
BRDA:214,12,1,0
BRDA:215,13,0,0
BRDA:215,13,1,0
BRDA:219,14,0,0
BRDA:219,14,1,0
BRDA:235,15,0,0
BRDA:235,15,1,0
BRDA:239,16,0,0
BRDA:239,16,1,0
BRDA:245,17,0,0
BRDA:245,17,1,0
BRDA:257,18,0,0
BRDA:257,18,1,0
BRDA:261,19,0,0
BRDA:261,19,1,0
BRDA:296,20,0,0
BRDA:296,20,1,0
BRDA:300,21,0,0
BRDA:300,21,1,0
BRDA:303,22,0,0
BRDA:303,22,1,0
BRDA:326,23,0,0
BRDA:326,23,1,0
BRDA:332,24,0,0
BRDA:332,24,1,0
BRDA:333,25,0,0
BRDA:333,25,1,0
BRDA:382,26,0,0
BRDA:382,26,1,0
BRF:52
BRH:0
end_of_record
TN:
SF:/home/zack/projects/hexhive/decibling/contract-tests/contracts/DeciblingFaucet.sol
FN:29,constructor
FN:35,initialize
FN:45,_authorizeUpgrade
FN:47,request
FN:69,transferToken
FN:73,_getNow
FNF:6
FNH:0
FNDA:0,constructor
FNDA:0,initialize
FNDA:0,_authorizeUpgrade
FNDA:0,request
FNDA:0,transferToken
FNDA:0,_getNow
DA:30,0
DA:36,0
DA:38,0
DA:39,0
DA:40,0
DA:48,0
DA:52,0
DA:57,0
DA:59,0
DA:70,0
DA:74,0
LF:11
LH:0
BRDA:48,1,0,0
BRDA:48,1,1,0
BRDA:52,2,0,0
BRDA:52,2,1,0
BRF:4
BRH:0
end_of_record
TN:
SF:/home/zack/projects/hexhive/decibling/contract-tests/contracts/DeciblingNFT.sol
FN:61,initialize
FN:73,lockNFT
FN:88,unlockNFT
FN:99,_beforeTokenTransfer
FN:119,setMerkleRoot
FN:130,setAuctionContractAddress
FN:147,mint
FN:186,_authorizeUpgrade
FN:194,_burn
FN:205,tokenURI
FNF:10
FNH:0
FNDA:0,initialize
FNDA:0,lockNFT
FNDA:0,unlockNFT
FNDA:0,_beforeTokenTransfer
FNDA:0,setMerkleRoot
FNDA:0,setAuctionContractAddress
FNDA:0,mint
FNDA:0,_authorizeUpgrade
FNDA:0,_burn
FNDA:0,tokenURI
DA:62,0
DA:63,0
DA:64,0
DA:65,0
DA:74,0
DA:78,0
DA:79,0
DA:89,0
DA:93,0
DA:94,0
DA:106,0
DA:112,0
DA:120,0
DA:132,0
DA:138,0
DA:153,0
DA:155,0
DA:156,0
DA:163,0
DA:164,0
DA:166,0
DA:167,0
DA:168,0
DA:169,0
DA:172,0
DA:175,0
DA:177,0
DA:197,0
DA:213,0
DA:214,0
DA:215,0
DA:216,0
DA:235,0
LF:33
LH:0
BRDA:74,1,0,0
BRDA:74,1,1,0
BRDA:89,2,0,0
BRDA:89,2,1,0
BRDA:106,3,0,0
BRDA:106,3,1,0
BRDA:132,4,0,0
BRDA:132,4,1,0
BRDA:153,5,0,0
BRDA:153,5,1,0
BRDA:156,6,0,0
BRDA:156,6,1,0
BRDA:164,7,0,0
BRDA:164,7,1,0
BRF:14
BRH:0
end_of_record
TN:
SF:/home/zack/projects/hexhive/decibling/contract-tests/contracts/DeciblingReserve.sol
FN:29,stakingContractOnly
FN:35,constructor
FN:41,initialize
FN:52,_authorizeUpgrade
FN:57,requestPayout
FN:75,requestPayoutForPoolOwner
FN:100,updatePlatformFees
FN:106,setStakingContract
FN:118,transferToken
FN:122,_getNow
FNF:10
FNH:0
FNDA:0,stakingContractOnly
FNDA:0,constructor
FNDA:0,initialize
FNDA:0,_authorizeUpgrade
FNDA:0,requestPayout
FNDA:0,requestPayoutForPoolOwner
FNDA:0,updatePlatformFees
FNDA:0,setStakingContract
FNDA:0,transferToken
FNDA:0,_getNow
DA:30,0
DA:31,0
DA:36,0
DA:42,0
DA:43,0
DA:45,0
DA:46,0
DA:47,0
DA:58,0
DA:59,0
DA:60,0
DA:61,0
DA:62,0
DA:67,0
DA:69,0
DA:76,0
DA:77,0
DA:78,0
DA:79,0
DA:80,0
DA:81,0
DA:82,0
DA:83,0
DA:87,0
DA:91,0
DA:93,0
DA:101,0
DA:103,0
DA:107,0
DA:108,0
DA:119,0
DA:123,0
LF:32
LH:0
BRDA:30,1,0,0
BRDA:30,1,1,0
BRDA:59,2,0,0
BRDA:59,2,1,0
BRDA:62,3,0,0
BRDA:62,3,1,0
BRDA:82,4,0,0
BRDA:82,4,1,0
BRDA:83,5,0,0
BRDA:83,5,1,0
BRDA:107,6,0,0
BRDA:107,6,1,0
BRF:12
BRH:0
end_of_record
TN:
SF:/home/zack/projects/hexhive/decibling/contract-tests/contracts/DeciblingStaking.sol
FN:56,validPool
FN:65,existPool
FN:73,validAmount
FN:78,onlyPoolOwnerOrAdmin
FN:86,validProof
FN:98,validAddress
FN:103,validReserveContract
FN:112,constructor
FN:116,initialize
FN:126,_authorizeUpgrade
FN:132,setMerkleRoot
FN:139,newPool
FN:148,setDefaultPool
FN:157,setPoolHardCap
FN:161,_newPool
FN:177,updatePool
FN:195,_updatePool
FN:219,updatePoolOwner
FN:224,_updatePoolOwner
FN:233,stake
FN:251,_stake
FN:273,reinvest
FN:286,unstake
FN:311,claim
FN:328,claimForPoolProfit
FN:337,_batchClaimForPoolProfit
FN:348,_claim
FN:358,payout
FN:392,transferToken
FN:398,setReserveContract
FN:402,_getNow
FNF:31
FNH:0
FNDA:0,validPool
FNDA:0,existPool
FNDA:0,validAmount
FNDA:0,onlyPoolOwnerOrAdmin
FNDA:0,validProof
FNDA:0,validAddress
FNDA:0,validReserveContract
FNDA:0,constructor
FNDA:0,initialize
FNDA:0,_authorizeUpgrade
FNDA:0,setMerkleRoot
FNDA:0,newPool
FNDA:0,setDefaultPool
FNDA:0,setPoolHardCap
FNDA:0,_newPool
FNDA:0,updatePool
FNDA:0,_updatePool
FNDA:0,updatePoolOwner
FNDA:0,_updatePoolOwner
FNDA:0,stake
FNDA:0,_stake
FNDA:0,reinvest
FNDA:0,unstake
FNDA:0,claim
FNDA:0,claimForPoolProfit
FNDA:0,_batchClaimForPoolProfit
FNDA:0,_claim
FNDA:0,payout
FNDA:0,transferToken
FNDA:0,setReserveContract
FNDA:0,_getNow
DA:57,0
DA:58,0
DA:62,0
DA:66,0
DA:70,0
DA:74,0
DA:75,0
DA:79,0
DA:83,0
DA:88,0
DA:89,0
DA:90,0
DA:95,0
DA:99,0
DA:100,0
DA:104,0
DA:108,0
DA:113,0
DA:117,0
DA:119,0
DA:120,0
DA:121,0
DA:133,0
DA:140,0
DA:145,0
DA:149,0
DA:150,0
DA:151,0
DA:158,0
DA:162,0
DA:164,0
DA:179,0
DA:183,0
DA:187,0
DA:192,0
DA:201,0
DA:202,0
DA:203,0
DA:204,0
DA:206,0
DA:221,0
DA:225,0
DA:227,0
DA:234,0
DA:238,0
DA:242,0
DA:247,0
DA:248,0
DA:256,0
DA:257,0
DA:259,0
DA:260,0
DA:261,0
DA:262,0
DA:264,0
DA:274,0
DA:275,0
DA:276,0
DA:277,0
DA:280,0
DA:287,0
DA:291,0
DA:296,0
DA:298,0
DA:303,0
DA:304,0
DA:306,0
DA:312,0
DA:317,0
DA:329,0
DA:334,0
DA:341,0
DA:342,0
DA:345,0
DA:349,0
DA:351,0
DA:359,0
DA:360,0
DA:362,0
DA:363,0
DA:364,0
DA:366,0
DA:369,0
DA:370,0
DA:371,0
DA:372,0
DA:375,0
DA:376,0
DA:377,0
DA:378,0
DA:382,0
DA:393,0
DA:399,0
DA:403,0
LF:94
LH:0
BRDA:58,1,0,0
BRDA:58,1,1,0
BRDA:66,2,0,0
BRDA:66,2,1,0
BRDA:74,3,0,0
BRDA:74,3,1,0
BRDA:79,4,0,0
BRDA:79,4,1,0
BRDA:88,5,0,0
BRDA:88,5,1,0
BRDA:90,6,0,0
BRDA:90,6,1,0
BRDA:99,7,0,0
BRDA:99,7,1,0
BRDA:104,8,0,0
BRDA:104,8,1,0
BRDA:140,9,0,0
BRDA:140,9,1,0
BRDA:179,10,0,0
BRDA:179,10,1,0
BRDA:183,11,0,0
BRDA:183,11,1,0
BRDA:187,12,0,0
BRDA:187,12,1,0
BRDA:234,13,0,0
BRDA:234,13,1,0
BRDA:238,14,0,0
BRDA:238,14,1,0
BRDA:242,15,0,0
BRDA:242,15,1,0
BRDA:256,16,0,0
BRDA:256,16,1,0
BRDA:275,17,0,0
BRDA:275,17,1,0
BRDA:287,18,0,0
BRDA:287,18,1,0
BRDA:291,19,0,0
BRDA:291,19,1,0
BRDA:298,20,0,0
BRDA:298,20,1,0
BRDA:312,21,0,0
BRDA:312,21,1,0
BRDA:329,22,0,0
BRDA:329,22,1,0
BRDA:363,23,0,0
BRDA:363,23,1,0
BRDA:371,24,0,0
BRDA:371,24,1,0
BRDA:375,25,0,0
BRDA:375,25,1,0
BRF:50
BRH:0
end_of_record
TN:
SF:/home/zack/projects/hexhive/decibling/contract-tests/contracts/Interest.sol
FN:26,add
FN:29,sub
FN:32,mul
FN:36,min
FN:39,max
FN:42,imin
FN:45,imax
FN:52,wmul
FN:55,rmul
FN:58,wdiv
FN:61,rdiv
FN:80,rpow
FN:109,wadToRay
FN:114,weiToRay
FN:147,accrueInterest
FN:163,yearlyRateToRay
FNF:16
FNH:0
FNDA:0,add
FNDA:0,sub
FNDA:0,mul
FNDA:0,min
FNDA:0,max
FNDA:0,imin
FNDA:0,imax
FNDA:0,wmul
FNDA:0,rmul
FNDA:0,wdiv
FNDA:0,rdiv
FNDA:0,rpow
FNDA:0,wadToRay
FNDA:0,weiToRay
FNDA:0,accrueInterest
FNDA:0,yearlyRateToRay
DA:27,0
DA:30,0
DA:33,0
DA:37,0
DA:40,0
DA:43,0
DA:46,0
DA:53,0
DA:56,0
DA:59,0
DA:62,0
DA:81,0
DA:83,0
DA:84,0
DA:86,0
DA:87,0
DA:110,0
DA:115,0
DA:148,0
DA:164,0
LF:20
LH:0
BRDA:27,1,0,0
BRDA:27,1,1,0
BRDA:30,2,0,0
BRDA:30,2,1,0
BRDA:33,3,0,0
BRDA:33,3,1,0
BRDA:86,4,0,0
BRDA:86,4,1,0
BRF:8
BRH:0
end_of_record
TN:
SF:/home/zack/projects/hexhive/decibling/contract-tests/contracts/interfaces/IDeciblingNFT.sol
FNF:0
FNH:0
LF:0
LH:0
BRF:0
BRH:0
end_of_record
TN:
SF:/home/zack/projects/hexhive/decibling/contract-tests/contracts/interfaces/IDeciblingReserve.sol
FNF:0
FNH:0
LF:0
LH:0
BRF:0
BRH:0
end_of_record
TN:
SF:/home/zack/projects/hexhive/decibling/contract-tests/contracts/interfaces/IDeciblingStaking.sol
FNF:0
FNH:0
LF:0
LH:0
BRF:0
BRH:0
end_of_record
TN:
SF:/home/zack/projects/hexhive/decibling/contract-tests/contracts/MyToken.sol
FN:7,constructor
FN:11,mint
FNF:2
FNH:0
FNDA:0,constructor
FNDA:0,mint
DA:12,0
LF:1
LH:0
BRF:0
BRH:0
end_of_record
TN:
SF:/home/zack/projects/hexhive/decibling/contract-tests/contracts/Token.sol
FN:7,constructor
FNF:1
FNH:0
FNDA:0,constructor
DA:8,0
LF:1
LH:0
BRF:0
BRH:0
end_of_record
